[0615/083049.313:ERROR:process_reader_win.cc(123)] NtOpenThread: {Отказано в доступе} Процесс запросил доступ к объекту, но права на доступ не предоставлены. (0xc0000022)
[0615/083049.249:ERROR:process_reader_win.cc(123)] NtOpenThread: {Отказано в доступе} Процесс запросил доступ к объекту, но права на доступ не предоставлены. (0xc0000022)
[0615/083049.321:ERROR:exception_snapshot_win.cc(98)] thread ID 7940 not found in process
[0615/083049.321:ERROR:exception_snapshot_win.cc(98)] thread ID 6984 not found in process
[0615/083049.385:ERROR:process_reader_win.cc(123)] NtOpenThread: {Отказано в доступе} Процесс запросил доступ к объекту, но права на доступ не предоставлены. (0xc0000022)
[0615/083049.385:ERROR:exception_snapshot_win.cc(98)] thread ID 5592 not found in process
[0615/083049.385:ERROR:process_reader_win.cc(123)] NtOpenThread: {Отказано в доступе} Процесс запросил доступ к объекту, но права на доступ не предоставлены. (0xc0000022)
[0615/083049.385:ERROR:exception_snapshot_win.cc(98)] thread ID 6304 not found in process
[0615/083049.273:ERROR:process_reader_win.cc(123)] NtOpenThread: {Отказано в доступе} Процесс запросил доступ к объекту, но права на доступ не предоставлены. (0xc0000022)
[0615/083049.385:ERROR:exception_snapshot_win.cc(98)] thread ID 7300 not found in process
[0615/083049.265:ERROR:process_reader_win.cc(123)] NtOpenThread: {Отказано в доступе} Процесс запросил доступ к объекту, но права на доступ не предоставлены. (0xc0000022)
[0615/083049.385:ERROR:exception_snapshot_win.cc(98)] thread ID 168 not found in process
[0615/083049.257:ERROR:process_reader_win.cc(123)] NtOpenThread: {Отказано в доступе} Процесс запросил доступ к объекту, но права на доступ не предоставлены. (0xc0000022)
[0615/083049.385:ERROR:exception_snapshot_win.cc(98)] thread ID 7048 not found in process
[0615/083049.273:ERROR:process_reader_win.cc(123)] NtOpenThread: {Отказано в доступе} Процесс запросил доступ к объекту, но права на доступ не предоставлены. (0xc0000022)
[0615/083049.401:ERROR:exception_snapshot_win.cc(98)] thread ID 7760 not found in process
[0615/083049.257:ERROR:process_reader_win.cc(123)] NtOpenThread: {Отказано в доступе} Процесс запросил доступ к объекту, но права на доступ не предоставлены. (0xc0000022)
[0615/083049.433:ERROR:exception_snapshot_win.cc(98)] thread ID 6064 not found in process
[0615/083049.465:ERROR:process_reader_win.cc(123)] NtOpenThread: {Отказано в доступе} Процесс запросил доступ к объекту, но права на доступ не предоставлены. (0xc0000022)
[0615/083049.465:ERROR:exception_snapshot_win.cc(98)] thread ID 1480 not found in process
[0615/083049.489:ERROR:process_reader_win.cc(123)] NtOpenThread: {Отказано в доступе} Процесс запросил доступ к объекту, но права на доступ не предоставлены. (0xc0000022)
[0615/083049.489:ERROR:exception_snapshot_win.cc(98)] thread ID 5764 not found in process
[0622/080308.719:ERROR:crash_report_database_win.cc(469)] failed to stat report
[0622/081308.725:ERROR:crash_report_database_win.cc(469)] failed to stat report
[0622/081308.725:ERROR:crash_report_database_win.cc(469)] failed to stat report
[0622/081808.781:ERROR:crash_report_database_win.cc(469)] failed to stat report
[0622/083308.782:ERROR:crash_report_database_win.cc(469)] failed to stat report
[0622/083726.007:ERROR:crash_report_database_win.cc(469)] failed to stat report
[0622/084808.783:ERROR:crash_report_database_win.cc(469)] failed to stat report
[0622/090308.784:ERROR:crash_report_database_win.cc(469)] failed to stat report
[0622/091808.784:ERROR:crash_report_database_win.cc(469)] failed to stat report
[0622/093308.785:ERROR:crash_report_database_win.cc(469)] failed to stat report
[0622/094808.785:ERROR:crash_report_database_win.cc(469)] failed to stat report
[0622/094813.649:ERROR:process_reader_win.cc(123)] NtOpenThread: {Отказано в доступе} Процесс запросил доступ к объекту, но права на доступ не предоставлены. (0xc0000022)
[0622/094813.676:ERROR:process_reader_win.cc(123)] NtOpenThread: {Отказано в доступе} Процесс запросил доступ к объекту, но права на доступ не предоставлены. (0xc0000022)
[0622/094814.162:ERROR:exception_snapshot_win.cc(98)] thread ID 3500 not found in process
[0622/094814.162:ERROR:exception_snapshot_win.cc(98)] thread ID 5652 not found in process
[0622/094813.645:ERROR:process_reader_win.cc(123)] NtOpenThread: {Отказано в доступе} Процесс запросил доступ к объекту, но права на доступ не предоставлены. (0xc0000022)
[0622/094814.177:ERROR:exception_snapshot_win.cc(98)] thread ID 5140 not found in process
[0622/205016.612:ERROR:crash_report_database_win.cc(469)] failed to stat report
[0622/210016.608:ERROR:crash_report_database_win.cc(469)] failed to stat report
[0622/210016.609:ERROR:crash_report_database_win.cc(469)] failed to stat report
[0622/210516.632:ERROR:crash_report_database_win.cc(469)] failed to stat report
[0622/212016.632:ERROR:crash_report_database_win.cc(469)] failed to stat report
[0623/064618.707:ERROR:crash_report_database_win.cc(469)] failed to stat report
[0623/065618.721:ERROR:crash_report_database_win.cc(469)] failed to stat report
[0623/065618.721:ERROR:crash_report_database_win.cc(469)] failed to stat report
[0623/070118.707:ERROR:crash_report_database_win.cc(469)] failed to stat report
[0623/071232.748:ERROR:crash_report_database_win.cc(469)] failed to stat report
[0623/071618.708:ERROR:crash_report_database_win.cc(469)] failed to stat report
[0623/073118.708:ERROR:crash_report_database_win.cc(469)] failed to stat report
[0623/074618.709:ERROR:crash_report_database_win.cc(469)] failed to stat report
[0623/080118.709:ERROR:crash_report_database_win.cc(469)] failed to stat report
[0623/081618.710:ERROR:crash_report_database_win.cc(469)] failed to stat report
[0623/083118.711:ERROR:crash_report_database_win.cc(469)] failed to stat report
[0623/084618.711:ERROR:crash_report_database_win.cc(469)] failed to stat report
[0623/090118.793:ERROR:crash_report_database_win.cc(469)] failed to stat report
[0623/194613.522:ERROR:crash_report_database_win.cc(469)] failed to stat report
[0623/195613.514:ERROR:crash_report_database_win.cc(469)] failed to stat report
[0623/195613.514:ERROR:crash_report_database_win.cc(469)] failed to stat report
[0623/200113.531:ERROR:crash_report_database_win.cc(469)] failed to stat report
[0623/201613.545:ERROR:crash_report_database_win.cc(469)] failed to stat report
[0623/203113.555:ERROR:crash_report_database_win.cc(469)] failed to stat report
[0623/204613.567:ERROR:crash_report_database_win.cc(469)] failed to stat report
[0623/210113.568:ERROR:crash_report_database_win.cc(469)] failed to stat report
[0623/211535.498:ERROR:process_reader_win.cc(123)] NtOpenThread: {Отказано в доступе} Процесс запросил доступ к объекту, но права на доступ не предоставлены. (0xc0000022)
[0623/211535.560:ERROR:exception_snapshot_win.cc(98)] thread ID 3156 not found in process
[0624/080128.667:ERROR:crash_report_database_win.cc(469)] failed to stat report
[0624/081128.673:ERROR:crash_report_database_win.cc(469)] failed to stat report
[0624/081128.673:ERROR:crash_report_database_win.cc(469)] failed to stat report
[0624/081628.668:ERROR:crash_report_database_win.cc(469)] failed to stat report
[0624/083128.677:ERROR:crash_report_database_win.cc(469)] failed to stat report
[0624/084628.686:ERROR:crash_report_database_win.cc(469)] failed to stat report
[0624/090128.698:ERROR:crash_report_database_win.cc(469)] failed to stat report
[0624/124834.693:ERROR:crash_report_database_win.cc(469)] failed to stat report
[0624/125834.686:ERROR:crash_report_database_win.cc(469)] failed to stat report
[0624/125834.686:ERROR:crash_report_database_win.cc(469)] failed to stat report
[0624/130334.694:ERROR:crash_report_database_win.cc(469)] failed to stat report
[0624/131834.702:ERROR:crash_report_database_win.cc(469)] failed to stat report
[0624/133334.706:ERROR:crash_report_database_win.cc(469)] failed to stat report
[0624/134834.718:ERROR:crash_report_database_win.cc(469)] failed to stat report
[0624/142235.071:ERROR:crash_report_database_win.cc(469)] failed to stat report
[0624/143235.058:ERROR:crash_report_database_win.cc(469)] failed to stat report
[0624/143235.058:ERROR:crash_report_database_win.cc(469)] failed to stat report
[0624/143735.078:ERROR:crash_report_database_win.cc(469)] failed to stat report
[0624/145235.079:ERROR:crash_report_database_win.cc(469)] failed to stat report
[0625/071634.086:ERROR:crash_report_database_win.cc(469)] failed to stat report
[0625/072634.095:ERROR:crash_report_database_win.cc(469)] failed to stat report
[0625/072634.095:ERROR:crash_report_database_win.cc(469)] failed to stat report
[0625/073134.130:ERROR:crash_report_database_win.cc(469)] failed to stat report
[0625/074634.140:ERROR:crash_report_database_win.cc(469)] failed to stat report
[0625/080134.140:ERROR:crash_report_database_win.cc(469)] failed to stat report
[0625/081634.150:ERROR:crash_report_database_win.cc(469)] failed to stat report
[0625/084512.038:ERROR:crash_report_database_win.cc(469)] failed to stat report
[0625/085512.038:ERROR:crash_report_database_win.cc(469)] failed to stat report
[0625/085512.039:ERROR:crash_report_database_win.cc(469)] failed to stat report
[0625/090012.057:ERROR:crash_report_database_win.cc(469)] failed to stat report
[0626/063030.712:ERROR:crash_report_database_win.cc(469)] failed to stat report
[0626/064030.788:ERROR:crash_report_database_win.cc(469)] failed to stat report
[0626/064030.788:ERROR:crash_report_database_win.cc(469)] failed to stat report
[0626/064530.763:ERROR:crash_report_database_win.cc(469)] failed to stat report
[0626/070030.769:ERROR:crash_report_database_win.cc(469)] failed to stat report
[0626/071530.779:ERROR:crash_report_database_win.cc(469)] failed to stat report
[0626/073030.783:ERROR:crash_report_database_win.cc(469)] failed to stat report
[0626/074530.815:ERROR:crash_report_database_win.cc(469)] failed to stat report
[0626/080030.821:ERROR:crash_report_database_win.cc(469)] failed to stat report
[0626/081530.821:ERROR:crash_report_database_win.cc(469)] failed to stat report
[0626/083030.825:ERROR:crash_report_database_win.cc(469)] failed to stat report
[0626/083310.633:ERROR:crash_report_database_win.cc(469)] failed to stat report
[0626/084339.342:ERROR:process_info.cc(329)] VirtualQueryEx: Отказано в доступе. (0x5)
[0626/084339.342:ERROR:process_info.cc(556)] ReadMemoryInfo failed
[0626/084339.342:ERROR:process_memory_win.cc(39)] Failed to initialize ProcessInfo.
[0626/114814.766:ERROR:crash_report_database_win.cc(469)] failed to stat report
[0626/115252.333:ERROR:crash_report_database_win.cc(469)] failed to stat report
[0626/115814.786:ERROR:crash_report_database_win.cc(469)] failed to stat report
[0626/115814.786:ERROR:crash_report_database_win.cc(469)] failed to stat report
[0626/120314.774:ERROR:crash_report_database_win.cc(469)] failed to stat report
[0626/121814.775:ERROR:crash_report_database_win.cc(469)] failed to stat report
[0626/154214.413:ERROR:crash_report_database_win.cc(469)] failed to stat report
[0626/155214.413:ERROR:crash_report_database_win.cc(469)] failed to stat report
[0626/155214.413:ERROR:crash_report_database_win.cc(469)] failed to stat report
[0626/155714.423:ERROR:crash_report_database_win.cc(469)] failed to stat report
[0626/161214.432:ERROR:crash_report_database_win.cc(469)] failed to stat report
[0627/130427.222:ERROR:crash_report_database_win.cc(469)] failed to stat report
[0627/131427.208:ERROR:crash_report_database_win.cc(469)] failed to stat report
[0627/131427.208:ERROR:crash_report_database_win.cc(469)] failed to stat report
[0627/131927.233:ERROR:crash_report_database_win.cc(469)] failed to stat report
[0627/144857.226:ERROR:crash_report_database_win.cc(469)] failed to stat report
[0630/074301.820:ERROR:crash_report_database_win.cc(469)] failed to stat report
[0702/083714.428:ERROR:crash_report_database_win.cc(469)] failed to stat report
[0702/084714.428:ERROR:crash_report_database_win.cc(469)] failed to stat report
[0702/084714.429:ERROR:crash_report_database_win.cc(469)] failed to stat report
[0702/084924.750:ERROR:crash_report_database_win.cc(469)] failed to stat report
[0702/085214.508:ERROR:crash_report_database_win.cc(469)] failed to stat report
[0702/090714.517:ERROR:crash_report_database_win.cc(469)] failed to stat report
[0702/193229.187:ERROR:crash_report_database_win.cc(469)] failed to stat report
[0702/194229.200:ERROR:crash_report_database_win.cc(469)] failed to stat report
[0702/194229.200:ERROR:crash_report_database_win.cc(469)] failed to stat report
[0702/194729.219:ERROR:crash_report_database_win.cc(469)] failed to stat report
[0702/205907.845:ERROR:crash_report_database_win.cc(469)] failed to stat report
[0702/210907.832:ERROR:crash_report_database_win.cc(469)] failed to stat report
[0702/210907.832:ERROR:crash_report_database_win.cc(469)] failed to stat report
[0702/211407.846:ERROR:crash_report_database_win.cc(469)] failed to stat report
[0702/211502.731:ERROR:crash_report_database_win.cc(469)] failed to stat report
[0702/212907.856:ERROR:crash_report_database_win.cc(469)] failed to stat report
[0702/214407.862:ERROR:crash_report_database_win.cc(469)] failed to stat report
[0702/214610.304:ERROR:crash_report_database_win.cc(469)] failed to stat report
[0703/064058.466:ERROR:crash_report_database_win.cc(469)] failed to stat report
[0703/065058.459:ERROR:crash_report_database_win.cc(469)] failed to stat report
[0703/065058.459:ERROR:crash_report_database_win.cc(469)] failed to stat report
[0703/065558.581:ERROR:crash_report_database_win.cc(469)] failed to stat report
[0703/071058.740:ERROR:crash_report_database_win.cc(469)] failed to stat report
[0703/072558.749:ERROR:crash_report_database_win.cc(469)] failed to stat report
[0703/074058.757:ERROR:crash_report_database_win.cc(469)] failed to stat report
[0703/075558.765:ERROR:crash_report_database_win.cc(469)] failed to stat report
[0703/081058.766:ERROR:crash_report_database_win.cc(469)] failed to stat report
[0704/002845.558:ERROR:crash_report_database_win.cc(469)] failed to stat report
[0704/005316.605:ERROR:crash_report_database_win.cc(469)] failed to stat report
[0706/123651.747:ERROR:crash_report_database_win.cc(469)] failed to stat report
[0706/124651.759:ERROR:crash_report_database_win.cc(469)] failed to stat report
[0706/124651.759:ERROR:crash_report_database_win.cc(469)] failed to stat report
[0706/125151.872:ERROR:crash_report_database_win.cc(469)] failed to stat report
[0706/130651.873:ERROR:crash_report_database_win.cc(469)] failed to stat report
[0706/132115.240:ERROR:crash_report_database_win.cc(469)] failed to stat report
[0706/132152.634:ERROR:crash_report_database_win.cc(469)] failed to stat report
[0706/133652.637:ERROR:crash_report_database_win.cc(469)] failed to stat report
[0707/183454.848:ERROR:crash_report_database_win.cc(469)] failed to stat report
[0707/184454.844:ERROR:crash_report_database_win.cc(469)] failed to stat report
[0707/184454.844:ERROR:crash_report_database_win.cc(469)] failed to stat report
[0707/184954.854:ERROR:crash_report_database_win.cc(469)] failed to stat report
[0707/190454.857:ERROR:crash_report_database_win.cc(469)] failed to stat report
[0707/191954.869:ERROR:crash_report_database_win.cc(469)] failed to stat report
[0707/193454.869:ERROR:crash_report_database_win.cc(469)] failed to stat report
[0707/194954.882:ERROR:crash_report_database_win.cc(469)] failed to stat report
[0707/200454.893:ERROR:crash_report_database_win.cc(469)] failed to stat report
[0707/201954.907:ERROR:crash_report_database_win.cc(469)] failed to stat report
[0707/202121.382:ERROR:crash_report_database_win.cc(469)] failed to stat report
[0707/203454.910:ERROR:crash_report_database_win.cc(469)] failed to stat report
[0707/204954.913:ERROR:crash_report_database_win.cc(469)] failed to stat report
[0707/210454.915:ERROR:crash_report_database_win.cc(469)] failed to stat report
[0707/211954.920:ERROR:crash_report_database_win.cc(469)] failed to stat report
[0709/071137.567:ERROR:crash_report_database_win.cc(469)] failed to stat report
[0709/072137.580:ERROR:crash_report_database_win.cc(469)] failed to stat report
[0709/072137.580:ERROR:crash_report_database_win.cc(469)] failed to stat report
[0709/072637.570:ERROR:crash_report_database_win.cc(469)] failed to stat report
[0709/074137.576:ERROR:crash_report_database_win.cc(469)] failed to stat report
[0709/075637.582:ERROR:crash_report_database_win.cc(469)] failed to stat report
[0709/081137.589:ERROR:crash_report_database_win.cc(469)] failed to stat report
[0709/082637.596:ERROR:crash_report_database_win.cc(469)] failed to stat report
[0709/084137.727:ERROR:crash_report_database_win.cc(469)] failed to stat report
[0709/191429.940:ERROR:crash_report_database_win.cc(469)] failed to stat report
[0709/192429.943:ERROR:crash_report_database_win.cc(469)] failed to stat report
[0709/192429.943:ERROR:crash_report_database_win.cc(469)] failed to stat report
[0709/192929.980:ERROR:crash_report_database_win.cc(469)] failed to stat report
[0709/194429.984:ERROR:crash_report_database_win.cc(469)] failed to stat report
[0710/084139.288:ERROR:crash_report_database_win.cc(469)] failed to stat report
[0710/085139.272:ERROR:crash_report_database_win.cc(469)] failed to stat report
[0710/085139.272:ERROR:crash_report_database_win.cc(469)] failed to stat report
[0710/085639.294:ERROR:crash_report_database_win.cc(469)] failed to stat report
[0710/091139.307:ERROR:crash_report_database_win.cc(469)] failed to stat report
[0710/092639.310:ERROR:crash_report_database_win.cc(469)] failed to stat report
[0710/094139.321:ERROR:crash_report_database_win.cc(469)] failed to stat report
[0722/200634.759:ERROR:crash_report_database_win.cc(469)] failed to stat report
[0722/201602.927:ERROR:crash_report_database_win.cc(469)] failed to stat report
[0722/201634.769:ERROR:crash_report_database_win.cc(469)] failed to stat report
[0722/201634.769:ERROR:crash_report_database_win.cc(469)] failed to stat report
[0722/202134.876:ERROR:crash_report_database_win.cc(469)] failed to stat report
[0722/203634.884:ERROR:crash_report_database_win.cc(469)] failed to stat report
[0722/205135.094:ERROR:crash_report_database_win.cc(469)] failed to stat report
[0722/210635.130:ERROR:crash_report_database_win.cc(469)] failed to stat report
[0723/132337.626:ERROR:crash_report_database_win.cc(469)] failed to stat report
[0723/133337.630:ERROR:crash_report_database_win.cc(469)] failed to stat report
[0723/133337.630:ERROR:crash_report_database_win.cc(469)] failed to stat report
[0723/133837.679:ERROR:crash_report_database_win.cc(469)] failed to stat report
[0723/135337.809:ERROR:crash_report_database_win.cc(469)] failed to stat report
[0723/140837.810:ERROR:crash_report_database_win.cc(469)] failed to stat report
[0723/142337.897:ERROR:crash_report_database_win.cc(469)] failed to stat report
[0723/143837.898:ERROR:crash_report_database_win.cc(469)] failed to stat report
[0723/144353.319:ERROR:process_info.cc(329)] VirtualQueryEx: Отказано в доступе. (0x5)
[0723/144353.444:ERROR:process_info.cc(556)] ReadMemoryInfo failed
[0723/144353.444:ERROR:process_memory_win.cc(39)] Failed to initialize ProcessInfo.
[0723/144353.444:ERROR:scoped_process_suspend.cc(40)] NtResumeProcess: Попытка доступа к процессу, выполняющему процедуру завершения. (0xc000010a)
[0723/184513.429:ERROR:crash_report_database_win.cc(469)] failed to stat report
[0724/165258.624:ERROR:crash_report_database_win.cc(469)] failed to stat report
[0724/170258.772:ERROR:crash_report_database_win.cc(469)] failed to stat report
[0724/170258.772:ERROR:crash_report_database_win.cc(469)] failed to stat report
[0724/170758.645:ERROR:crash_report_database_win.cc(469)] failed to stat report
[0724/172258.652:ERROR:crash_report_database_win.cc(469)] failed to stat report
[0724/173758.658:ERROR:crash_report_database_win.cc(469)] failed to stat report
[0726/103405.780:ERROR:crash_report_database_win.cc(469)] failed to stat report
[0726/104405.791:ERROR:crash_report_database_win.cc(469)] failed to stat report
[0726/104405.791:ERROR:crash_report_database_win.cc(469)] failed to stat report
[0726/104905.803:ERROR:crash_report_database_win.cc(469)] failed to stat report
[0726/111304.545:ERROR:crash_report_database_win.cc(469)] failed to stat report
[0726/113702.827:ERROR:crash_report_database_win.cc(469)] failed to stat report
[0726/174107.863:ERROR:crash_report_database_win.cc(469)] failed to stat report
[0726/175107.949:ERROR:crash_report_database_win.cc(469)] failed to stat report
[0726/175107.950:ERROR:crash_report_database_win.cc(469)] failed to stat report
[0726/180538.002:ERROR:crash_report_database_win.cc(469)] failed to stat report
[0726/181537.995:ERROR:crash_report_database_win.cc(469)] failed to stat report
[0726/181537.996:ERROR:crash_report_database_win.cc(469)] failed to stat report
[0726/182038.119:ERROR:crash_report_database_win.cc(469)] failed to stat report
[0726/183538.120:ERROR:crash_report_database_win.cc(469)] failed to stat report
[0726/185038.337:ERROR:crash_report_database_win.cc(469)] failed to stat report
[0728/112037.225:ERROR:crash_report_database_win.cc(469)] failed to stat report
[0728/113037.222:ERROR:crash_report_database_win.cc(469)] failed to stat report
[0728/113037.223:ERROR:crash_report_database_win.cc(469)] failed to stat report
[0728/113537.299:ERROR:crash_report_database_win.cc(469)] failed to stat report
[0728/114249.015:ERROR:crash_report_database_win.cc(469)] failed to stat report
[0728/115037.307:ERROR:crash_report_database_win.cc(469)] failed to stat report
[0728/120537.308:ERROR:crash_report_database_win.cc(469)] failed to stat report
[0728/122037.308:ERROR:crash_report_database_win.cc(469)] failed to stat report
[0728/123537.309:ERROR:crash_report_database_win.cc(469)] failed to stat report
[0728/125037.309:ERROR:crash_report_database_win.cc(469)] failed to stat report
[0728/130537.310:ERROR:crash_report_database_win.cc(469)] failed to stat report
[0728/132037.310:ERROR:crash_report_database_win.cc(469)] failed to stat report
[0728/133537.311:ERROR:crash_report_database_win.cc(469)] failed to stat report
[0728/135037.312:ERROR:crash_report_database_win.cc(469)] failed to stat report
[0728/140537.312:ERROR:crash_report_database_win.cc(469)] failed to stat report
[0728/142037.313:ERROR:crash_report_database_win.cc(469)] failed to stat report
[0728/143537.313:ERROR:crash_report_database_win.cc(469)] failed to stat report
[0728/145037.314:ERROR:crash_report_database_win.cc(469)] failed to stat report
[0728/150537.314:ERROR:crash_report_database_win.cc(469)] failed to stat report
[0728/152037.314:ERROR:crash_report_database_win.cc(469)] failed to stat report
[0728/153537.314:ERROR:crash_report_database_win.cc(469)] failed to stat report
[0728/155037.314:ERROR:crash_report_database_win.cc(469)] failed to stat report
[0728/160537.315:ERROR:crash_report_database_win.cc(469)] failed to stat report
[0728/162037.315:ERROR:crash_report_database_win.cc(469)] failed to stat report
[0728/163537.316:ERROR:crash_report_database_win.cc(469)] failed to stat report
[0728/165037.317:ERROR:crash_report_database_win.cc(469)] failed to stat report
[0728/170537.317:ERROR:crash_report_database_win.cc(469)] failed to stat report
[0728/172037.318:ERROR:crash_report_database_win.cc(469)] failed to stat report
[0728/173537.318:ERROR:crash_report_database_win.cc(469)] failed to stat report
[0728/175037.318:ERROR:crash_report_database_win.cc(469)] failed to stat report
[0728/180537.318:ERROR:crash_report_database_win.cc(469)] failed to stat report
[0728/182037.319:ERROR:crash_report_database_win.cc(469)] failed to stat report
[0728/183537.319:ERROR:crash_report_database_win.cc(469)] failed to stat report
[0728/185037.319:ERROR:crash_report_database_win.cc(469)] failed to stat report
[0728/190537.320:ERROR:crash_report_database_win.cc(469)] failed to stat report
[0728/192037.321:ERROR:crash_report_database_win.cc(469)] failed to stat report
[0728/193537.322:ERROR:crash_report_database_win.cc(469)] failed to stat report
[0728/195037.322:ERROR:crash_report_database_win.cc(469)] failed to stat report
[0728/200537.322:ERROR:crash_report_database_win.cc(469)] failed to stat report
[0728/202037.324:ERROR:crash_report_database_win.cc(469)] failed to stat report
[0728/203537.863:ERROR:crash_report_database_win.cc(469)] failed to stat report
[0728/213133.888:ERROR:crash_report_database_win.cc(469)] failed to stat report
[0728/214133.889:ERROR:crash_report_database_win.cc(469)] failed to stat report
[0728/214133.889:ERROR:crash_report_database_win.cc(469)] failed to stat report
[0728/214633.937:ERROR:crash_report_database_win.cc(469)] failed to stat report
[0728/220133.950:ERROR:crash_report_database_win.cc(469)] failed to stat report
[0728/221633.958:ERROR:crash_report_database_win.cc(469)] failed to stat report
[0728/223133.961:ERROR:crash_report_database_win.cc(469)] failed to stat report
[0728/224633.962:ERROR:crash_report_database_win.cc(469)] failed to stat report
[0731/221954.383:ERROR:crash_report_database_win.cc(469)] failed to stat report
[0805/201529.678:ERROR:crash_report_database_win.cc(469)] failed to stat report
[0805/202529.667:ERROR:crash_report_database_win.cc(469)] failed to stat report
[0805/202529.667:ERROR:crash_report_database_win.cc(469)] failed to stat report
[0805/203029.799:ERROR:crash_report_database_win.cc(469)] failed to stat report
[0805/204529.804:ERROR:crash_report_database_win.cc(469)] failed to stat report
[0805/210029.805:ERROR:crash_report_database_win.cc(469)] failed to stat report
[0805/211323.797:ERROR:process_info.cc(329)] VirtualQueryEx: Отказано в доступе. (0x5)
[0805/211323.750:ERROR:process_info.cc(329)] VirtualQueryEx: Отказано в доступе. (0x5)
[0805/211324.000:ERROR:process_info.cc(556)] ReadMemoryInfo failed
[0805/211324.000:ERROR:process_info.cc(556)] ReadMemoryInfo failed
[0805/211323.437:ERROR:process_reader_win.cc(123)] NtOpenThread: {Отказано в доступе} Процесс запросил доступ к объекту, но права на доступ не предоставлены. (0xc0000022)
[0805/211324.000:ERROR:exception_snapshot_win.cc(98)] thread ID 5200 not found in process
[0805/211324.000:ERROR:scoped_process_suspend.cc(40)] NtResumeProcess: Попытка доступа к процессу, выполняющему процедуру завершения. (0xc000010a)
[0805/211324.000:ERROR:scoped_process_suspend.cc(40)] NtResumeProcess: Попытка доступа к процессу, выполняющему процедуру завершения. (0xc000010a)
[0808/183712.763:ERROR:crash_report_database_win.cc(469)] failed to stat report
[0808/184758.391:ERROR:crash_report_database_win.cc(469)] failed to stat report
[0810/202138.020:ERROR:crash_report_database_win.cc(469)] failed to stat report
[0810/203138.007:ERROR:crash_report_database_win.cc(469)] failed to stat report
[0810/203138.007:ERROR:crash_report_database_win.cc(469)] failed to stat report
[0810/203638.029:ERROR:crash_report_database_win.cc(469)] failed to stat report
[0810/205138.035:ERROR:crash_report_database_win.cc(469)] failed to stat report
[0810/205705.432:ERROR:crash_report_database_win.cc(469)] failed to stat report
[0810/210638.043:ERROR:crash_report_database_win.cc(469)] failed to stat report
[0810/212138.048:ERROR:crash_report_database_win.cc(469)] failed to stat report
[0810/212817.876:ERROR:crash_report_database_win.cc(469)] failed to stat report
[0810/213607.620:ERROR:crash_report_database_win.cc(469)] failed to stat report
[0810/215107.636:ERROR:crash_report_database_win.cc(469)] failed to stat report
[0810/220607.637:ERROR:crash_report_database_win.cc(469)] failed to stat report
[0810/222107.648:ERROR:crash_report_database_win.cc(469)] failed to stat report
[0810/223607.721:ERROR:crash_report_database_win.cc(469)] failed to stat report
[0810/225107.733:ERROR:crash_report_database_win.cc(469)] failed to stat report
[0810/230607.734:ERROR:crash_report_database_win.cc(469)] failed to stat report
[0812/173015.254:ERROR:crash_report_database_win.cc(469)] failed to stat report
[0812/174015.157:ERROR:crash_report_database_win.cc(469)] failed to stat report
[0812/174015.157:ERROR:crash_report_database_win.cc(469)] failed to stat report
[0812/174515.299:ERROR:crash_report_database_win.cc(469)] failed to stat report
[0812/180015.313:ERROR:crash_report_database_win.cc(469)] failed to stat report
[0812/181515.327:ERROR:crash_report_database_win.cc(469)] failed to stat report
